# JRE version: OpenJDK Runtime Environment Temurin-21.0.5+11 (21.0.5+11) (build 21.0.5+11-LTS)
# Java VM: OpenJDK 64-Bit Server VM Temurin-21.0.5+11 (21.0.5+11-LTS, mixed mode, sharing, tiered, compressed oops, compressed class ptrs, parallel gc, linux-amd64)
GC Precious Log:
 CardTable entry size: 512
 CPUs: 2 total, 2 available
 Memory: 6552M
 Large Page Support: Disabled
 NUMA Support: Disabled
 Compressed Oops: Enabled (32-bit)
 Alignments: Space 512K, Generation 512K, Heap 2M
 Heap Min Capacity: 100M
 Heap Initial Capacity: 100M
 Heap Max Capacity: 1G
 Pre-touch: Disabled
 Parallel Workers: 2
Heap:
 PSYoungGen      total 14336K, used 7567K [0x00000000eab00000, 0x00000000ebb00000, 0x0000000100000000)
  eden space 12288K, 57% used [0x00000000eab00000,0x00000000eb1eb090,0x00000000eb700000)
  from space 2048K, 23% used [0x00000000eb700000,0x00000000eb778c78,0x00000000eb900000)
  to   space 1024K, 0% used [0x00000000eba00000,0x00000000eba00000,0x00000000ebb00000)
 ParOldGen       total 404480K, used 404353K [0x00000000c0000000, 0x00000000d8b00000, 0x00000000eab00000)
  object space 404480K, 99% used [0x00000000c0000000,0x00000000d8ae05c0,0x00000000d8b00000)
 Metaspace       used 108444K, committed 110336K, reserved 1179648K
  class space    used 10309K, committed 11200K, reserved 1048576K
GC Heap History (20 events):
Event: 80152.234 GC heap before
{Heap before GC invocations=7413 (full 29):
 PSYoungGen      total 6656K, used 6330K [0x00000000eab00000, 0x00000000eb300000, 0x0000000100000000)
  eden space 5632K, 99% used [0x00000000eab00000,0x00000000eb07ffb8,0x00000000eb080000)
  from space 1024K, 68% used [0x00000000eb180000,0x00000000eb22e900,0x00000000eb280000)
  to   space 512K, 0% used [0x00000000eb280000,0x00000000eb280000,0x00000000eb300000)
 ParOldGen       total 320512K, used 320008K [0x00000000c0000000, 0x00000000d3900000, 0x00000000eab00000)
  object space 320512K, 99% used [0x00000000c0000000,0x00000000d3882388,0x00000000d3900000)
 Metaspace       used 108425K, committed 110272K, reserved 1179648K
  class space    used 10309K, committed 11200K, reserved 1048576K
}
Event: 80152.262 GC heap after
{Heap after GC invocations=7413 (full 29):
 PSYoungGen      total 6144K, used 160K [0x00000000eab00000, 0x00000000eb300000, 0x0000000100000000)
  eden space 5632K, 0% used [0x00000000eab00000,0x00000000eab00000,0x00000000eb080000)
  from space 512K, 31% used [0x00000000eb280000,0x00000000eb2a8000,0x00000000eb300000)
  to   space 512K, 0% used [0x00000000eb200000,0x00000000eb200000,0x00000000eb280000)
 ParOldGen       total 320512K, used 320024K [0x00000000c0000000, 0x00000000d3900000, 0x00000000eab00000)
  object space 320512K, 99% used [0x00000000c0000000,0x00000000d3886388,0x00000000d3900000)
 Metaspace       used 108425K, committed 110272K, reserved 1179648K
  class space    used 10309K, committed 11200K, reserved 1048576K
}
Event: 80152.358 GC heap before
{Heap before GC invocations=7414 (full 29):
 PSYoungGen      total 6144K, used 5792K [0x00000000eab00000, 0x00000000eb300000, 0x0000000100000000)
  eden space 5632K, 100% used [0x00000000eab00000,0x00000000eb080000,0x00000000eb080000)
  from space 512K, 31% used [0x00000000eb280000,0x00000000eb2a8000,0x00000000eb300000)
  to   space 512K, 0% used [0x00000000eb200000,0x00000000eb200000,0x00000000eb280000)
 ParOldGen       total 320512K, used 320024K [0x00000000c0000000, 0x00000000d3900000, 0x00000000eab00000)
  object space 320512K, 99% used [0x00000000c0000000,0x00000000d3886388,0x00000000d3900000)
 Metaspace       used 108425K, committed 110272K, reserved 1179648K
  class space    used 10309K, committed 11200K, reserved 1048576K
}
Event: 80152.386 GC heap after
{Heap after GC invocations=7414 (full 29):
 PSYoungGen      total 6144K, used 512K [0x00000000eab00000, 0x00000000ebb80000, 0x0000000100000000)
  eden space 5632K, 0% used [0x00000000eab00000,0x00000000eab00000,0x00000000eb080000)
  from space 512K, 100% used [0x00000000eb200000,0x00000000eb280000,0x00000000eb280000)
  to   space 5632K, 0% used [0x00000000eb600000,0x00000000eb600000,0x00000000ebb80000)
 ParOldGen       total 324096K, used 324075K [0x00000000c0000000, 0x00000000d3c80000, 0x00000000eab00000)
  object space 324096K, 99% used [0x00000000c0000000,0x00000000d3c7af88,0x00000000d3c80000)
 Metaspace       used 108425K, committed 110272K, reserved 1179648K
  class space    used 10309K, committed 11200K, reserved 1048576K
}
Event: 80152.453 GC heap before
{Heap before GC invocations=7415 (full 29):
 PSYoungGen      total 6144K, used 6023K [0x00000000eab00000, 0x00000000ebb80000, 0x0000000100000000)
  eden space 5632K, 97% used [0x00000000eab00000,0x00000000eb061e08,0x00000000eb080000)
  from space 512K, 100% used [0x00000000eb200000,0x00000000eb280000,0x00000000eb280000)
  to   space 5632K, 0% used [0x00000000eb600000,0x00000000eb600000,0x00000000ebb80000)
 ParOldGen       total 324096K, used 324075K [0x00000000c0000000, 0x00000000d3c80000, 0x00000000eab00000)
  object space 324096K, 99% used [0x00000000c0000000,0x00000000d3c7af88,0x00000000d3c80000)
 Metaspace       used 108425K, committed 110272K, reserved 1179648K
  class space    used 10309K, committed 11200K, reserved 1048576K
}
Event: 80152.503 GC heap after
{Heap after GC invocations=7415 (full 29):
 PSYoungGen      total 11264K, used 5210K [0x00000000eab00000, 0x00000000ebb80000, 0x0000000100000000)
  eden space 5632K, 0% used [0x00000000eab00000,0x00000000eab00000,0x00000000eb080000)
  from space 5632K, 92% used [0x00000000eb600000,0x00000000ebb16860,0x00000000ebb80000)
  to   space 5632K, 0% used [0x00000000eb080000,0x00000000eb080000,0x00000000eb600000)
 ParOldGen       total 324608K, used 324603K [0x00000000c0000000, 0x00000000d3d00000, 0x00000000eab00000)
  object space 324608K, 99% used [0x00000000c0000000,0x00000000d3cfef88,0x00000000d3d00000)
 Metaspace       used 108425K, committed 110272K, reserved 1179648K
  class space    used 10309K, committed 11200K, reserved 1048576K
}
Event: 80152.572 GC heap before
{Heap before GC invocations=7416 (full 29):
 PSYoungGen      total 11264K, used 10842K [0x00000000eab00000, 0x00000000ebb80000, 0x0000000100000000)
  eden space 5632K, 100% used [0x00000000eab00000,0x00000000eb080000,0x00000000eb080000)
  from space 5632K, 92% used [0x00000000eb600000,0x00000000ebb16860,0x00000000ebb80000)
  to   space 5632K, 0% used [0x00000000eb080000,0x00000000eb080000,0x00000000eb600000)
 ParOldGen       total 324608K, used 324603K [0x00000000c0000000, 0x00000000d3d00000, 0x00000000eab00000)
  object space 324608K, 99% used [0x00000000c0000000,0x00000000d3cfef88,0x00000000d3d00000)
 Metaspace       used 108425K, committed 110272K, reserved 1179648K
  class space    used 10309K, committed 11200K, reserved 1048576K
}
Event: 80152.642 GC heap after
{Heap after GC invocations=7416 (full 29):
 PSYoungGen      total 11264K, used 4836K [0x00000000eab00000, 0x00000000ebc00000, 0x0000000100000000)
  eden space 5632K, 0% used [0x00000000eab00000,0x00000000eab00000,0x00000000eb080000)
  from space 5632K, 85% used [0x00000000eb080000,0x00000000eb5393c0,0x00000000eb600000)
  to   space 5120K, 0% used [0x00000000eb700000,0x00000000eb700000,0x00000000ebc00000)
 ParOldGen       total 330240K, used 329782K [0x00000000c0000000, 0x00000000d4280000, 0x00000000eab00000)
  object space 330240K, 99% used [0x00000000c0000000,0x00000000d420da40,0x00000000d4280000)
 Metaspace       used 108425K, committed 110272K, reserved 1179648K
  class space    used 10309K, committed 11200K, reserved 1048576K
}
Event: 80152.894 GC heap before
{Heap before GC invocations=7417 (full 29):
 PSYoungGen      total 11264K, used 10468K [0x00000000eab00000, 0x00000000ebc00000, 0x0000000100000000)
  eden space 5632K, 100% used [0x00000000eab00000,0x00000000eb080000,0x00000000eb080000)
  from space 5632K, 85% used [0x00000000eb080000,0x00000000eb5393c0,0x00000000eb600000)
  to   space 5120K, 0% used [0x00000000eb700000,0x00000000eb700000,0x00000000ebc00000)
 ParOldGen       total 330240K, used 329782K [0x00000000c0000000, 0x00000000d4280000, 0x00000000eab00000)
  object space 330240K, 99% used [0x00000000c0000000,0x00000000d420da40,0x00000000d4280000)
 Metaspace       used 108425K, committed 110272K, reserved 1179648K
  class space    used 10309K, committed 11200K, reserved 1048576K
}
Event: 80153.018 GC heap after
{Heap after GC invocations=7417 (full 29):
 PSYoungGen      total 10752K, used 3482K [0x00000000eab00000, 0x00000000eba80000, 0x0000000100000000)
  eden space 7168K, 0% used [0x00000000eab00000,0x00000000eab00000,0x00000000eb200000)
  from space 3584K, 97% used [0x00000000eb700000,0x00000000eba66800,0x00000000eba80000)
  to   space 4096K, 0% used [0x00000000eb280000,0x00000000eb280000,0x00000000eb680000)
 ParOldGen       total 334848K, used 334581K [0x00000000c0000000, 0x00000000d4700000, 0x00000000eab00000)
  object space 334848K, 99% used [0x00000000c0000000,0x00000000d46bd6b0,0x00000000d4700000)
 Metaspace       used 108425K, committed 110272K, reserved 1179648K
  class space    used 10309K, committed 11200K, reserved 1048576K
}
Event: 80153.386 GC heap before
{Heap before GC invocations=7418 (full 29):
 PSYoungGen      total 10752K, used 10650K [0x00000000eab00000, 0x00000000eba80000, 0x0000000100000000)
  eden space 7168K, 100% used [0x00000000eab00000,0x00000000eb200000,0x00000000eb200000)
  from space 3584K, 97% used [0x00000000eb700000,0x00000000eba66800,0x00000000eba80000)
  to   space 4096K, 0% used [0x00000000eb280000,0x00000000eb280000,0x00000000eb680000)
 ParOldGen       total 334848K, used 334581K [0x00000000c0000000, 0x00000000d4700000, 0x00000000eab00000)
  object space 334848K, 99% used [0x00000000c0000000,0x00000000d46bd6b0,0x00000000d4700000)
 Metaspace       used 108437K, committed 110336K, reserved 1179648K
  class space    used 10309K, committed 11200K, reserved 1048576K
}
Event: 80153.656 GC heap after
{Heap after GC invocations=7418 (full 29):
 PSYoungGen      total 11776K, used 4078K [0x00000000eab00000, 0x00000000ec380000, 0x0000000100000000)
  eden space 7680K, 0% used [0x00000000eab00000,0x00000000eab00000,0x00000000eb280000)
  from space 4096K, 99% used [0x00000000eb280000,0x00000000eb67bb50,0x00000000eb680000)
  to   space 8192K, 0% used [0x00000000ebb80000,0x00000000ebb80000,0x00000000ec380000)
 ParOldGen       total 337920K, used 337684K [0x00000000c0000000, 0x00000000d4a00000, 0x00000000eab00000)
  object space 337920K, 99% used [0x00000000c0000000,0x00000000d49c5260,0x00000000d4a00000)
 Metaspace       used 108437K, committed 110336K, reserved 1179648K
  class space    used 10309K, committed 11200K, reserved 1048576K
}
Event: 80153.883 GC heap before
{Heap before GC invocations=7419 (full 29):
 PSYoungGen      total 11776K, used 11747K [0x00000000eab00000, 0x00000000ec380000, 0x0000000100000000)
  eden space 7680K, 99% used [0x00000000eab00000,0x00000000eb27d0c8,0x00000000eb280000)
  from space 4096K, 99% used [0x00000000eb280000,0x00000000eb67bb50,0x00000000eb680000)
  to   space 8192K, 0% used [0x00000000ebb80000,0x00000000ebb80000,0x00000000ec380000)
 ParOldGen       total 337920K, used 337684K [0x00000000c0000000, 0x00000000d4a00000, 0x00000000eab00000)
  object space 337920K, 99% used [0x00000000c0000000,0x00000000d49c5260,0x00000000d4a00000)
 Metaspace       used 108437K, committed 110336K, reserved 1179648K
  class space    used 10309K, committed 11200K, reserved 1048576K
}
Event: 80154.176 GC heap after
{Heap after GC invocations=7419 (full 29):
 PSYoungGen      total 16384K, used 6960K [0x00000000eab00000, 0x00000000ec280000, 0x0000000100000000)
  eden space 9216K, 0% used [0x00000000eab00000,0x00000000eab00000,0x00000000eb400000)
  from space 7168K, 97% used [0x00000000ebb80000,0x00000000ec24c000,0x00000000ec280000)
  to   space 7168K, 0% used [0x00000000eb480000,0x00000000eb480000,0x00000000ebb80000)
 ParOldGen       total 342016K, used 341785K [0x00000000c0000000, 0x00000000d4e00000, 0x00000000eab00000)
  object space 342016K, 99% used [0x00000000c0000000,0x00000000d4dc6550,0x00000000d4e00000)
 Metaspace       used 108437K, committed 110336K, reserved 1179648K
  class space    used 10309K, committed 11200K, reserved 1048576K
}
Event: 80154.293 GC heap before
{Heap before GC invocations=7420 (full 29):
 PSYoungGen      total 16384K, used 16176K [0x00000000eab00000, 0x00000000ec280000, 0x0000000100000000)
  eden space 9216K, 100% used [0x00000000eab00000,0x00000000eb400000,0x00000000eb400000)
  from space 7168K, 97% used [0x00000000ebb80000,0x00000000ec24c000,0x00000000ec280000)
  to   space 7168K, 0% used [0x00000000eb480000,0x00000000eb480000,0x00000000ebb80000)
 ParOldGen       total 353792K, used 353305K [0x00000000c0000000, 0x00000000d5980000, 0x00000000eab00000)
  object space 353792K, 99% used [0x00000000c0000000,0x00000000d5906560,0x00000000d5980000)
 Metaspace       used 108437K, committed 110336K, reserved 1179648K
  class space    used 10309K, committed 11200K, reserved 1048576K
}
Event: 80154.480 GC heap after
{Heap after GC invocations=7420 (full 29):
 PSYoungGen      total 11264K, used 1168K [0x00000000eab00000, 0x00000000ebd00000, 0x0000000100000000)
  eden space 9728K, 0% used [0x00000000eab00000,0x00000000eab00000,0x00000000eb480000)
  from space 1536K, 76% used [0x00000000eb480000,0x00000000eb5a4010,0x00000000eb600000)
  to   space 3584K, 0% used [0x00000000eb980000,0x00000000eb980000,0x00000000ebd00000)
 ParOldGen       total 368128K, used 367857K [0x00000000c0000000, 0x00000000d6780000, 0x00000000eab00000)
  object space 368128K, 99% used [0x00000000c0000000,0x00000000d673c590,0x00000000d6780000)
 Metaspace       used 108437K, committed 110336K, reserved 1179648K
  class space    used 10309K, committed 11200K, reserved 1048576K
}
Event: 80154.847 GC heap before
{Heap before GC invocations=7421 (full 29):
 PSYoungGen      total 11264K, used 10896K [0x00000000eab00000, 0x00000000ebd00000, 0x0000000100000000)
  eden space 9728K, 100% used [0x00000000eab00000,0x00000000eb480000,0x00000000eb480000)
  from space 1536K, 76% used [0x00000000eb480000,0x00000000eb5a4010,0x00000000eb600000)
  to   space 3584K, 0% used [0x00000000eb980000,0x00000000eb980000,0x00000000ebd00000)
 ParOldGen       total 403456K, used 402417K [0x00000000c0000000, 0x00000000d8a00000, 0x00000000eab00000)
  object space 403456K, 99% used [0x00000000c0000000,0x00000000d88fc5c0,0x00000000d8a00000)
 Metaspace       used 108437K, committed 110336K, reserved 1179648K
  class space    used 10309K, committed 11200K, reserved 1048576K
}
Event: 80154.865 GC heap after
{Heap after GC invocations=7421 (full 29):
 PSYoungGen      total 13312K, used 1312K [0x00000000eab00000, 0x00000000ebb00000, 0x0000000100000000)
  eden space 11776K, 0% used [0x00000000eab00000,0x00000000eab00000,0x00000000eb680000)
  from space 1536K, 85% used [0x00000000eb980000,0x00000000ebac8000,0x00000000ebb00000)
  to   space 2048K, 0% used [0x00000000eb700000,0x00000000eb700000,0x00000000eb900000)
 ParOldGen       total 403456K, used 403073K [0x00000000c0000000, 0x00000000d8a00000, 0x00000000eab00000)
  object space 403456K, 99% used [0x00000000c0000000,0x00000000d89a05c0,0x00000000d8a00000)
 Metaspace       used 108437K, committed 110336K, reserved 1179648K
  class space    used 10309K, committed 11200K, reserved 1048576K
}
Event: 80158.909 GC heap before
{Heap before GC invocations=7422 (full 29):
 PSYoungGen      total 13312K, used 13088K [0x00000000eab00000, 0x00000000ebb00000, 0x0000000100000000)
  eden space 11776K, 100% used [0x00000000eab00000,0x00000000eb680000,0x00000000eb680000)
  from space 1536K, 85% used [0x00000000eb980000,0x00000000ebac8000,0x00000000ebb00000)
  to   space 2048K, 0% used [0x00000000eb700000,0x00000000eb700000,0x00000000eb900000)
 ParOldGen       total 403456K, used 403073K [0x00000000c0000000, 0x00000000d8a00000, 0x00000000eab00000)
  object space 403456K, 99% used [0x00000000c0000000,0x00000000d89a05c0,0x00000000d8a00000)
 Metaspace       used 108444K, committed 110336K, reserved 1179648K
  class space    used 10309K, committed 11200K, reserved 1048576K
}
Event: 80158.929 GC heap after
{Heap after GC invocations=7422 (full 29):
 PSYoungGen      total 14336K, used 483K [0x00000000eab00000, 0x00000000ebb00000, 0x0000000100000000)
  eden space 12288K, 0% used [0x00000000eab00000,0x00000000eab00000,0x00000000eb700000)
  from space 2048K, 23% used [0x00000000eb700000,0x00000000eb778c78,0x00000000eb900000)
  to   space 1024K, 0% used [0x00000000eba00000,0x00000000eba00000,0x00000000ebb00000)
 ParOldGen       total 404480K, used 404353K [0x00000000c0000000, 0x00000000d8b00000, 0x00000000eab00000)
  object space 404480K, 99% used [0x00000000c0000000,0x00000000d8ae05c0,0x00000000d8b00000)
 Metaspace       used 108444K, committed 110336K, reserved 1179648K
  class space    used 10309K, committed 11200K, reserved 1048576K
}

